<?xml version="1.0" encoding="UTF-8"?>
<testsuite name="com.bcp.bootcamp.eurekaserver.EurekaserverApplicationTests" tests="1" skipped="0" failures="0" errors="0" timestamp="2021-04-07T21:40:03" hostname="Alfredos-MacBook-Pro.local" time="0.616">
  <properties/>
  <testcase name="contextLoads()" classname="com.bcp.bootcamp.eurekaserver.EurekaserverApplicationTests" time="0.616"/>
  <system-out><![CDATA[16:39:56.159 [Test worker] DEBUG org.springframework.test.context.BootstrapUtils - Instantiating CacheAwareContextLoaderDelegate from class [org.springframework.test.context.cache.DefaultCacheAwareContextLoaderDelegate]
16:39:56.180 [Test worker] DEBUG org.springframework.test.context.BootstrapUtils - Instantiating BootstrapContext using constructor [public org.springframework.test.context.support.DefaultBootstrapContext(java.lang.Class,org.springframework.test.context.CacheAwareContextLoaderDelegate)]
16:39:56.238 [Test worker] DEBUG org.springframework.test.context.BootstrapUtils - Instantiating TestContextBootstrapper for test class [com.bcp.bootcamp.eurekaserver.EurekaserverApplicationTests] from class [org.springframework.boot.test.context.SpringBootTestContextBootstrapper]
16:39:56.252 [Test worker] INFO org.springframework.boot.test.context.SpringBootTestContextBootstrapper - Neither @ContextConfiguration nor @ContextHierarchy found for test class [com.bcp.bootcamp.eurekaserver.EurekaserverApplicationTests], using SpringBootContextLoader
16:39:56.260 [Test worker] DEBUG org.springframework.test.context.support.AbstractContextLoader - Did not detect default resource location for test class [com.bcp.bootcamp.eurekaserver.EurekaserverApplicationTests]: class path resource [com/bcp/bootcamp/eurekaserver/EurekaserverApplicationTests-context.xml] does not exist
16:39:56.261 [Test worker] DEBUG org.springframework.test.context.support.AbstractContextLoader - Did not detect default resource location for test class [com.bcp.bootcamp.eurekaserver.EurekaserverApplicationTests]: class path resource [com/bcp/bootcamp/eurekaserver/EurekaserverApplicationTestsContext.groovy] does not exist
16:39:56.261 [Test worker] INFO org.springframework.test.context.support.AbstractContextLoader - Could not detect default resource locations for test class [com.bcp.bootcamp.eurekaserver.EurekaserverApplicationTests]: no resource found for suffixes {-context.xml, Context.groovy}.
16:39:56.262 [Test worker] INFO org.springframework.test.context.support.AnnotationConfigContextLoaderUtils - Could not detect default configuration classes for test class [com.bcp.bootcamp.eurekaserver.EurekaserverApplicationTests]: EurekaserverApplicationTests does not declare any static, non-private, non-final, nested classes annotated with @Configuration.
16:39:56.338 [Test worker] DEBUG org.springframework.test.context.support.ActiveProfilesUtils - Could not find an 'annotation declaring class' for annotation type [org.springframework.test.context.ActiveProfiles] and class [com.bcp.bootcamp.eurekaserver.EurekaserverApplicationTests]
16:39:56.418 [Test worker] DEBUG org.springframework.context.annotation.ClassPathScanningCandidateComponentProvider - Identified candidate component class: file [/Users/alfredobenaute/bootcamp-abril/eurekaserver/build/classes/java/main/com/bcp/bootcamp/eurekaserver/EurekaServerApplication.class]
16:39:56.419 [Test worker] INFO org.springframework.boot.test.context.SpringBootTestContextBootstrapper - Found @SpringBootConfiguration com.bcp.bootcamp.eurekaserver.EurekaServerApplication for test class com.bcp.bootcamp.eurekaserver.EurekaserverApplicationTests
16:39:56.584 [Test worker] DEBUG org.springframework.boot.test.context.SpringBootTestContextBootstrapper - @TestExecutionListeners is not present for class [com.bcp.bootcamp.eurekaserver.EurekaserverApplicationTests]: using defaults.
16:39:56.585 [Test worker] INFO org.springframework.boot.test.context.SpringBootTestContextBootstrapper - Loaded default TestExecutionListener class names from location [META-INF/spring.factories]: [org.springframework.boot.test.autoconfigure.restdocs.RestDocsTestExecutionListener, org.springframework.boot.test.autoconfigure.web.client.MockRestServiceServerResetTestExecutionListener, org.springframework.boot.test.autoconfigure.web.servlet.MockMvcPrintOnlyOnFailureTestExecutionListener, org.springframework.boot.test.autoconfigure.web.servlet.WebDriverTestExecutionListener, org.springframework.boot.test.autoconfigure.webservices.client.MockWebServiceServerTestExecutionListener, org.springframework.boot.test.mock.mockito.MockitoTestExecutionListener, org.springframework.boot.test.mock.mockito.ResetMocksTestExecutionListener, org.springframework.test.context.web.ServletTestExecutionListener, org.springframework.test.context.support.DirtiesContextBeforeModesTestExecutionListener, org.springframework.test.context.event.ApplicationEventsTestExecutionListener, org.springframework.test.context.support.DependencyInjectionTestExecutionListener, org.springframework.test.context.support.DirtiesContextTestExecutionListener, org.springframework.test.context.transaction.TransactionalTestExecutionListener, org.springframework.test.context.jdbc.SqlScriptsTestExecutionListener, org.springframework.test.context.event.EventPublishingTestExecutionListener]
16:39:56.604 [Test worker] DEBUG org.springframework.boot.test.context.SpringBootTestContextBootstrapper - Skipping candidate TestExecutionListener [org.springframework.test.context.transaction.TransactionalTestExecutionListener] due to a missing dependency. Specify custom listener classes or make the default listener classes and their required dependencies available. Offending class: [org/springframework/transaction/interceptor/TransactionAttributeSource]
16:39:56.606 [Test worker] DEBUG org.springframework.boot.test.context.SpringBootTestContextBootstrapper - Skipping candidate TestExecutionListener [org.springframework.test.context.jdbc.SqlScriptsTestExecutionListener] due to a missing dependency. Specify custom listener classes or make the default listener classes and their required dependencies available. Offending class: [org/springframework/transaction/interceptor/TransactionAttribute]
16:39:56.606 [Test worker] INFO org.springframework.boot.test.context.SpringBootTestContextBootstrapper - Using TestExecutionListeners: [org.springframework.test.context.web.ServletTestExecutionListener@1c8a6c74, org.springframework.test.context.support.DirtiesContextBeforeModesTestExecutionListener@3ed78a37, org.springframework.test.context.event.ApplicationEventsTestExecutionListener@52185187, org.springframework.boot.test.mock.mockito.MockitoTestExecutionListener@29cb1034, org.springframework.boot.test.autoconfigure.SpringBootDependencyInjectionTestExecutionListener@66ed30b5, org.springframework.test.context.support.DirtiesContextTestExecutionListener@6469986d, org.springframework.test.context.event.EventPublishingTestExecutionListener@74ed790e, org.springframework.boot.test.autoconfigure.restdocs.RestDocsTestExecutionListener@5d69d17, org.springframework.boot.test.autoconfigure.web.client.MockRestServiceServerResetTestExecutionListener@a317d80, org.springframework.boot.test.autoconfigure.web.servlet.MockMvcPrintOnlyOnFailureTestExecutionListener@2233265b, org.springframework.boot.test.autoconfigure.web.servlet.WebDriverTestExecutionListener@3d891e1a, org.springframework.boot.test.autoconfigure.webservices.client.MockWebServiceServerTestExecutionListener@c860299, org.springframework.boot.test.mock.mockito.ResetMocksTestExecutionListener@ddaa3f4]
16:39:56.616 [Test worker] DEBUG org.springframework.test.context.support.AbstractDirtiesContextTestExecutionListener - Before test class: context [DefaultTestContext@7eb897ad testClass = EurekaserverApplicationTests, testInstance = [null], testMethod = [null], testException = [null], mergedContextConfiguration = [WebMergedContextConfiguration@17717c9d testClass = EurekaserverApplicationTests, locations = '{}', classes = '{class com.bcp.bootcamp.eurekaserver.EurekaServerApplication}', contextInitializerClasses = '[]', activeProfiles = '{}', propertySourceLocations = '{}', propertySourceProperties = '{org.springframework.boot.test.context.SpringBootTestContextBootstrapper=true}', contextCustomizers = set[org.springframework.boot.test.autoconfigure.actuate.metrics.MetricsExportContextCustomizerFactory$DisableMetricExportContextCustomizer@68b75188, org.springframework.boot.test.autoconfigure.properties.PropertyMappingContextCustomizer@0, org.springframework.boot.test.autoconfigure.web.servlet.WebDriverContextCustomizerFactory$Customizer@51018693, org.springframework.boot.test.context.filter.ExcludeFilterContextCustomizer@7b3b515b, org.springframework.boot.test.json.DuplicateJsonObjectContextCustomizerFactory$DuplicateJsonObjectContextCustomizer@2743d286, org.springframework.boot.test.mock.mockito.MockitoContextCustomizer@0, org.springframework.boot.test.web.client.TestRestTemplateContextCustomizer@13dc2246, org.springframework.boot.test.context.SpringBootTestArgs@1, org.springframework.boot.test.context.SpringBootTestWebEnvironment@13c7026a], resourceBasePath = 'src/main/webapp', contextLoader = 'org.springframework.boot.test.context.SpringBootContextLoader', parent = [null]], attributes = map['org.springframework.test.context.web.ServletTestExecutionListener.activateListener' -> true]], class annotated with @DirtiesContext [false] with mode [null].
16:39:56.677 [Test worker] DEBUG org.springframework.test.context.support.TestPropertySourceUtils - Adding inlined properties to environment: {spring.jmx.enabled=false, org.springframework.boot.test.context.SpringBootTestContextBootstrapper=true}

  .   ____          _            __ _ _
 /\\ / ___'_ __ _ _(_)_ __  __ _ \ \ \ \
( ( )\___ | '_ | '_| | '_ \/ _` | \ \ \ \
 \\/  ___)| |_)| | | | | || (_| |  ) ) ) )
  '  |____| .__|_| |_|_| |_\__, | / / / /
 =========|_|==============|___/=/_/_/_/
 :: Spring Boot ::                (v2.4.4)

2021-04-07 16:39:57.624  INFO 53407 --- [    Test worker] c.b.b.e.EurekaserverApplicationTests     : Starting EurekaserverApplicationTests using Java 13.0.1 on Alfredos-MacBook-Pro.local with PID 53407 (started by alfredobenaute in /Users/alfredobenaute/bootcamp-abril/eurekaserver)
2021-04-07 16:39:57.626  INFO 53407 --- [    Test worker] c.b.b.e.EurekaserverApplicationTests     : No active profile set, falling back to default profiles: default
2021-04-07 16:39:59.063  INFO 53407 --- [    Test worker] o.s.cloud.context.scope.GenericScope     : BeanFactory id=978de7df-2fed-3dd0-abe2-e7e1f3e7d31d
2021-04-07 16:40:00.506  INFO 53407 --- [    Test worker] o.s.s.concurrent.ThreadPoolTaskExecutor  : Initializing ExecutorService 'applicationTaskExecutor'
2021-04-07 16:40:01.567  INFO 53407 --- [    Test worker] DiscoveryClientOptionalArgsConfiguration : Eureka HTTP Client uses Jersey
2021-04-07 16:40:01.753  WARN 53407 --- [    Test worker] iguration$LoadBalancerCaffeineWarnLogger : Spring Cloud LoadBalancer is currently working with the default cache. You can switch to using Caffeine cache, by adding it and org.springframework.cache.caffeine.CaffeineCacheManager to the classpath.
2021-04-07 16:40:01.961  INFO 53407 --- [    Test worker] o.s.c.n.eureka.InstanceInfoFactory       : Setting initial instance status as: STARTING
2021-04-07 16:40:02.049  INFO 53407 --- [    Test worker] com.netflix.discovery.DiscoveryClient    : Initializing Eureka in region us-east-1
2021-04-07 16:40:02.257  INFO 53407 --- [    Test worker] c.n.d.provider.DiscoveryJerseyProvider   : Using JSON encoding codec LegacyJacksonJson
2021-04-07 16:40:02.257  INFO 53407 --- [    Test worker] c.n.d.provider.DiscoveryJerseyProvider   : Using JSON decoding codec LegacyJacksonJson
2021-04-07 16:40:02.258  INFO 53407 --- [    Test worker] c.n.d.provider.DiscoveryJerseyProvider   : Using XML encoding codec XStreamXml
2021-04-07 16:40:02.258  INFO 53407 --- [    Test worker] c.n.d.provider.DiscoveryJerseyProvider   : Using XML decoding codec XStreamXml
2021-04-07 16:40:02.500  INFO 53407 --- [    Test worker] c.n.d.s.r.aws.ConfigClusterResolver      : Resolving eureka endpoints via configuration
2021-04-07 16:40:02.526  INFO 53407 --- [    Test worker] com.netflix.discovery.DiscoveryClient    : Starting heartbeat executor: renew interval is: 30
2021-04-07 16:40:02.530  INFO 53407 --- [    Test worker] c.n.discovery.InstanceInfoReplicator     : InstanceInfoReplicator onDemand update allowed rate per min is 4
2021-04-07 16:40:02.535  INFO 53407 --- [    Test worker] com.netflix.discovery.DiscoveryClient    : Discovery Client initialized at timestamp 1617831602534 with initial instances count: 0
2021-04-07 16:40:02.597  INFO 53407 --- [    Test worker] c.n.eureka.DefaultEurekaServerContext    : Initializing ...
2021-04-07 16:40:02.598  INFO 53407 --- [    Test worker] c.n.eureka.cluster.PeerEurekaNodes       : Adding new peer nodes [http://localhost:8761/eureka/]
2021-04-07 16:40:02.602  INFO 53407 --- [    Test worker] c.n.d.provider.DiscoveryJerseyProvider   : Using JSON encoding codec LegacyJacksonJson
2021-04-07 16:40:02.602  INFO 53407 --- [    Test worker] c.n.d.provider.DiscoveryJerseyProvider   : Using JSON decoding codec LegacyJacksonJson
2021-04-07 16:40:02.602  INFO 53407 --- [    Test worker] c.n.d.provider.DiscoveryJerseyProvider   : Using XML encoding codec XStreamXml
2021-04-07 16:40:02.602  INFO 53407 --- [    Test worker] c.n.d.provider.DiscoveryJerseyProvider   : Using XML decoding codec XStreamXml
2021-04-07 16:40:02.743  INFO 53407 --- [    Test worker] c.n.eureka.cluster.PeerEurekaNodes       : Replica node URL:  http://localhost:8761/eureka/
2021-04-07 16:40:02.750  INFO 53407 --- [    Test worker] c.n.e.registry.AbstractInstanceRegistry  : Finished initializing remote region registries. All known remote regions: []
2021-04-07 16:40:02.752  INFO 53407 --- [    Test worker] c.n.eureka.DefaultEurekaServerContext    : Initialized
2021-04-07 16:40:02.928  INFO 53407 --- [    Test worker] o.s.b.a.e.web.EndpointLinksResolver      : Exposing 2 endpoint(s) beneath base path '/actuator'
2021-04-07 16:40:02.980  INFO 53407 --- [    Test worker] o.s.c.n.e.s.EurekaServiceRegistry        : Registering application BCP-BOOTCAMP-EUREKA with eureka with status UP
2021-04-07 16:40:02.981  INFO 53407 --- [    Test worker] com.netflix.discovery.DiscoveryClient    : Saw local status change event StatusChangeEvent [timestamp=1617831602981, current=UP, previous=STARTING]
2021-04-07 16:40:02.987  INFO 53407 --- [nfoReplicator-0] com.netflix.discovery.DiscoveryClient    : DiscoveryClient_BCP-BOOTCAMP-EUREKA/192.168.1.6:bcp-bootcamp-eureka:8761: registering service...
2021-04-07 16:40:02.988  INFO 53407 --- [      Thread-12] o.s.c.n.e.server.EurekaServerBootstrap   : Setting the eureka configuration..
2021-04-07 16:40:03.000  INFO 53407 --- [      Thread-12] o.s.c.n.e.server.EurekaServerBootstrap   : isAws returned false
2021-04-07 16:40:03.001  INFO 53407 --- [      Thread-12] o.s.c.n.e.server.EurekaServerBootstrap   : Initialized server context
2021-04-07 16:40:03.011  INFO 53407 --- [    Test worker] c.b.b.e.EurekaserverApplicationTests     : Started EurekaserverApplicationTests in 6.324 seconds (JVM running for 8.107)
2021-04-07 16:40:03.196  INFO 53407 --- [nfoReplicator-0] com.netflix.discovery.DiscoveryClient    : DiscoveryClient_BCP-BOOTCAMP-EUREKA/192.168.1.6:bcp-bootcamp-eureka:8761 - registration status: 204
]]></system-out>
  <system-err><![CDATA[]]></system-err>
</testsuite>
